Arguments: 
  C:\Program Files\nodejs\node.exe C:\Program Files (x86)\Yarn\bin\yarn.js

PATH: 
  C:\app\client\quocbao\product\12.2.0\client_1;C:\app\client\quocbao\product\12.2.0\client_1\bin;C:\Windows\system32;C:\Windows;C:\Windows\System32\Wbem;C:\Windows\System32\WindowsPowerShell\v1.0\;C:\Program Files (x86)\MiKTeX 2.9\miktex\bin\;C:\Program Files (x86)\Windows Kits\8.1\Windows Performance Toolkit\;C:\Program Files (x86)\Skype\Phone\;C:\Program Files\Microsoft SQL Server\130\Tools\Binn\;C:\Program Files\Git\cmd;C:\Program Files (x86)\GitExtensions\;C:\Program Files\dotnet\;C:\Program Files (x86)\Yarn\bin;C:\Program Files\nodejs\;C:\Program Files (x86)\Microsoft SQL Server\90\Tools\binn\;C:\Program Files (x86)\Rico Suter\NSwagStudio\;C:\Users\quocbao\AppData\Local\Yarn\bin;C:\Program Files\Microsoft VS Code\bin;C:\Users\quocbao\AppData\Roaming\npm

Yarn version: 
  0.27.5

Node version: 
  8.5.0

Platform: 
  win32 x64

npm manifest: 
  {
    "name": "ewh-aurelia",
    "description": "An Aurelia client application.",
    "version": "0.1.0",
    "repository": {
      "type": "???",
      "url": "???"
    },
    "license": "MIT",
    "dependencies": {
      "aurelia-bootstrapper": "^2.1.1",
      "aurelia-animator-css": "^1.0.2",
      "bluebird": "^3.4.1",
      "requirejs": "^2.3.2",
      "text": "github:requirejs/text#latest"
    },
    "peerDependencies": {},
    "devDependencies": {
      "aurelia-cli": "^0.32.0",
      "aurelia-testing": "^1.0.0-beta.3.0.1",
      "aurelia-tools": "^1.0.0",
      "gulp": "github:gulpjs/gulp#4.0",
      "minimatch": "^3.0.2",
      "through2": "^2.0.1",
      "uglify-js": "^3.0.19",
      "vinyl-fs": "^2.4.3",
      "event-stream": "^3.3.3",
      "gulp-typescript": "^3.1.4",
      "gulp-tslint": "^5.0.0",
      "tslint": "^3.11.0",
      "typescript": ">=1.9.0-dev || ^2.0.0",
      "@types/node": "^6.0.45",
      "gulp-htmlmin": "^3.0.0",
      "html-minifier": "^3.2.3",
      "jasmine-core": "^2.4.1",
      "karma": "^0.13.22",
      "karma-chrome-launcher": "^2.2.0",
      "karma-jasmine": "^1.0.2",
      "karma-sourcemap-loader": "^0.3.7",
      "karma-typescript-preprocessor": "^0.2.1",
      "@types/jasmine": "^2.2.0",
      "browser-sync": "^2.13.0",
      "connect-history-api-fallback": "^1.2.0",
      "debounce": "^1.0.2",
      "gulp-changed-in-place": "^2.0.3",
      "gulp-plumber": "^1.1.0",
      "gulp-rename": "^1.2.2",
      "gulp-sourcemaps": "^2.0.0-alpha",
      "gulp-notify": "^2.2.0",
      "gulp-watch": "^4.3.11"
    }
  }

yarn manifest: 
  No manifest

Lockfile: 
  No lockfile

Trace: 
  Error: connect ETIMEDOUT 192.30.255.112:443
      at Object._errnoException (util.js:1026:11)
      at _exceptionWithHostPort (util.js:1049:20)
      at TCPConnectWrap.afterConnect [as oncomplete] (net.js:1174:14)
